d:\post-graduate\mclab\er3a\multi_axis\velocityplanning\velocityplanning\release\velocityplanning.pch
d:\post-graduate\mclab\er3a\multi_axis\velocityplanning\velocityplanning\release\vc140.pdb
d:\post-graduate\mclab\er3a\multi_axis\velocityplanning\velocityplanning\release\stdafx.obj
d:\post-graduate\mclab\er3a\multi_axis\velocityplanning\velocityplanning\release\velocity_plan.obj
d:\post-graduate\mclab\er3a\multi_axis\velocityplanning\velocityplanning\release\pcs.obj
d:\post-graduate\mclab\er3a\multi_axis\velocityplanning\velocityplanning\release\mymatrix.obj
d:\post-graduate\mclab\er3a\multi_axis\velocityplanning\velocityplanning\release\main.obj
d:\post-graduate\mclab\er3a\multi_axis\velocityplanning\velocityplanning\release\lookahead.obj
d:\post-graduate\mclab\er3a\multi_axis\velocityplanning\velocityplanning\release\interpolation.obj
d:\post-graduate\mclab\er3a\multi_axis\velocityplanning\velocityplanning\release\filter.obj
d:\post-graduate\mclab\er3a\multi_axis\velocityplanning\velocityplanning\release\file.obj
d:\post-graduate\mclab\er3a\multi_axis\velocityplanning\release\velocityplanning.exe
d:\post-graduate\mclab\er3a\multi_axis\velocityplanning\release\velocityplanning.ipdb
d:\post-graduate\mclab\er3a\multi_axis\velocityplanning\release\velocityplanning.iobj
d:\post-graduate\mclab\er3a\multi_axis\velocityplanning\release\velocityplanning.pdb
d:\post-graduate\mclab\er3a\multi_axis\velocityplanning\velocityplanning\release\velocityplanning.tlog\cl.command.1.tlog
d:\post-graduate\mclab\er3a\multi_axis\velocityplanning\velocityplanning\release\velocityplanning.tlog\cl.read.1.tlog
d:\post-graduate\mclab\er3a\multi_axis\velocityplanning\velocityplanning\release\velocityplanning.tlog\cl.write.1.tlog
d:\post-graduate\mclab\er3a\multi_axis\velocityplanning\velocityplanning\release\velocityplanning.tlog\link.command.1.tlog
d:\post-graduate\mclab\er3a\multi_axis\velocityplanning\velocityplanning\release\velocityplanning.tlog\link.read.1.tlog
d:\post-graduate\mclab\er3a\multi_axis\velocityplanning\velocityplanning\release\velocityplanning.tlog\link.write.1.tlog
